[2021-09-23 20:32:50.621] [exthost] [info] extension host started
[2021-09-23 20:32:50.685] [exthost] [info] ExtensionService#_doActivateExtension vscode.microsoft-authentication {"startup":false,"extensionId":{"value":"vscode.microsoft-authentication","_lower":"vscode.microsoft-authentication"},"activationEvent":"onAuthenticationRequest:microsoft"}
[2021-09-23 20:32:50.685] [exthost] [info] ExtensionService#loadCommonJSModule file:///usr/share/code/resources/app/extensions/microsoft-authentication/dist/extension.js
[2021-09-23 20:32:50.752] [exthost] [info] ExtensionService#_doActivateExtension vscode.debug-auto-launch {"startup":true,"extensionId":{"value":"vscode.debug-auto-launch","_lower":"vscode.debug-auto-launch"},"activationEvent":"*"}
[2021-09-23 20:32:50.752] [exthost] [info] ExtensionService#loadCommonJSModule file:///usr/share/code/resources/app/extensions/debug-auto-launch/dist/extension
[2021-09-23 20:32:50.757] [exthost] [info] ExtensionService#_doActivateExtension vscode.git {"startup":true,"extensionId":{"value":"vscode.github","_lower":"vscode.github"},"activationEvent":"*"}
[2021-09-23 20:32:50.757] [exthost] [info] ExtensionService#loadCommonJSModule file:///usr/share/code/resources/app/extensions/git/dist/main
[2021-09-23 20:32:50.930] [exthost] [info] ExtensionService#_doActivateExtension vscode.github {"startup":true,"extensionId":{"value":"vscode.github","_lower":"vscode.github"},"activationEvent":"*"}
[2021-09-23 20:32:50.930] [exthost] [info] ExtensionService#loadCommonJSModule file:///usr/share/code/resources/app/extensions/github/dist/extension.js
[2021-09-23 20:32:50.968] [exthost] [info] ExtensionService#_doActivateExtension ms-vscode.js-debug {"startup":false,"extensionId":{"value":"ms-vscode.js-debug","_lower":"ms-vscode.js-debug"},"activationEvent":"onCommand:extension.js-debug.clearAutoAttachVariables"}
[2021-09-23 20:32:50.968] [exthost] [info] ExtensionService#loadCommonJSModule file:///usr/share/code/resources/app/extensions/ms-vscode.js-debug/src/extension.js
[2021-09-23 20:32:51.254] [exthost] [info] eager extensions activated
[2021-09-23 20:32:51.261] [exthost] [info] extension host terminating: renderer closed the socket
[2021-09-23 20:32:51.265] [exthost] [error] Activating extension vscode.emmet failed due to an error:
[2021-09-23 20:32:51.265] [exthost] [error] Canceled: Canceled
	at Object.n [as canceled] (/usr/share/code/resources/app/out/vs/workbench/services/extensions/node/extensionHostProcess.js:5:1157)
	at /usr/share/code/resources/app/out/vs/workbench/services/extensions/node/extensionHostProcess.js:98:8805
	at Array.forEach (<anonymous>)
	at i.dispose (/usr/share/code/resources/app/out/vs/workbench/services/extensions/node/extensionHostProcess.js:98:8753)
	at E.terminate (/usr/share/code/resources/app/out/vs/workbench/services/extensions/node/extensionHostProcess.js:103:682)
	at a (/usr/share/code/resources/app/out/vs/workbench/services/extensions/node/extensionHostProcess.js:113:32208)
	at Socket.<anonymous> (/usr/share/code/resources/app/out/vs/workbench/services/extensions/node/extensionHostProcess.js:113:29858)
	at Socket.emit (events.js:327:22)
	at Pipe.<anonymous> (net.js:673:12)
[2021-09-23 20:32:51.266] [exthost] [error] Activating extension vscode.merge-conflict failed due to an error:
[2021-09-23 20:32:51.266] [exthost] [error] Canceled: Canceled
	at Object.n [as canceled] (/usr/share/code/resources/app/out/vs/workbench/services/extensions/node/extensionHostProcess.js:5:1157)
	at /usr/share/code/resources/app/out/vs/workbench/services/extensions/node/extensionHostProcess.js:98:8805
	at Array.forEach (<anonymous>)
	at i.dispose (/usr/share/code/resources/app/out/vs/workbench/services/extensions/node/extensionHostProcess.js:98:8753)
	at E.terminate (/usr/share/code/resources/app/out/vs/workbench/services/extensions/node/extensionHostProcess.js:103:682)
	at a (/usr/share/code/resources/app/out/vs/workbench/services/extensions/node/extensionHostProcess.js:113:32208)
	at Socket.<anonymous> (/usr/share/code/resources/app/out/vs/workbench/services/extensions/node/extensionHostProcess.js:113:29858)
	at Socket.emit (events.js:327:22)
	at Pipe.<anonymous> (net.js:673:12)
[2021-09-23 20:32:51.266] [exthost] [error] Activating extension ms-vscode.js-debug failed due to an error:
[2021-09-23 20:32:51.266] [exthost] [error] Canceled: Canceled
	at Object.n [as canceled] (/usr/share/code/resources/app/out/vs/workbench/services/extensions/node/extensionHostProcess.js:5:1157)
	at /usr/share/code/resources/app/out/vs/workbench/services/extensions/node/extensionHostProcess.js:98:8805
	at Array.forEach (<anonymous>)
	at i.dispose (/usr/share/code/resources/app/out/vs/workbench/services/extensions/node/extensionHostProcess.js:98:8753)
	at E.terminate (/usr/share/code/resources/app/out/vs/workbench/services/extensions/node/extensionHostProcess.js:103:682)
	at a (/usr/share/code/resources/app/out/vs/workbench/services/extensions/node/extensionHostProcess.js:113:32208)
	at Socket.<anonymous> (/usr/share/code/resources/app/out/vs/workbench/services/extensions/node/extensionHostProcess.js:113:29858)
	at Socket.emit (events.js:327:22)
	at Pipe.<anonymous> (net.js:673:12)
[2021-09-23 20:32:52.265] [exthost] [info] exiting with code 0
