[2021-09-23 23:03:35.793] [exthost] [info] extension host started
[2021-09-23 23:03:35.793] [exthost] [info] Skipping acquiring lock for /home/op3nk0d3/.config/Code/User/workspaceStorage/96866f087fd36889c889a092e132b5ea.
[2021-09-23 23:03:35.844] [exthost] [info] ExtensionService#_doActivateExtension vscode.microsoft-authentication {"startup":false,"extensionId":{"value":"vscode.microsoft-authentication","_lower":"vscode.microsoft-authentication"},"activationEvent":"onAuthenticationRequest:microsoft"}
[2021-09-23 23:03:35.844] [exthost] [info] ExtensionService#loadCommonJSModule file:///usr/share/code/resources/app/extensions/microsoft-authentication/dist/extension.js
[2021-09-23 23:03:35.856] [exthost] [info] ExtensionService#_doActivateExtension vscode.debug-auto-launch {"startup":true,"extensionId":{"value":"vscode.debug-auto-launch","_lower":"vscode.debug-auto-launch"},"activationEvent":"*"}
[2021-09-23 23:03:35.856] [exthost] [info] ExtensionService#loadCommonJSModule file:///usr/share/code/resources/app/extensions/debug-auto-launch/dist/extension
[2021-09-23 23:03:35.859] [exthost] [info] ExtensionService#_doActivateExtension vscode.git {"startup":true,"extensionId":{"value":"vscode.github","_lower":"vscode.github"},"activationEvent":"*"}
[2021-09-23 23:03:35.859] [exthost] [info] ExtensionService#loadCommonJSModule file:///usr/share/code/resources/app/extensions/git/dist/main
[2021-09-23 23:03:35.962] [exthost] [info] ExtensionService#_doActivateExtension vscode.github {"startup":true,"extensionId":{"value":"vscode.github","_lower":"vscode.github"},"activationEvent":"*"}
[2021-09-23 23:03:35.962] [exthost] [info] ExtensionService#loadCommonJSModule file:///usr/share/code/resources/app/extensions/github/dist/extension.js
[2021-09-23 23:03:35.972] [exthost] [info] eager extensions activated
[2021-09-23 23:03:36.000] [exthost] [info] ExtensionService#_doActivateExtension ms-vscode.js-debug {"startup":false,"extensionId":{"value":"ms-vscode.js-debug","_lower":"ms-vscode.js-debug"},"activationEvent":"onCommand:extension.js-debug.clearAutoAttachVariables"}
[2021-09-23 23:03:36.000] [exthost] [info] ExtensionService#loadCommonJSModule file:///usr/share/code/resources/app/extensions/ms-vscode.js-debug/src/extension.js
[2021-09-23 23:03:36.117] [exthost] [info] ExtensionService#_doActivateExtension vscode.emmet {"startup":false,"extensionId":{"value":"vscode.emmet","_lower":"vscode.emmet"},"activationEvent":"onStartupFinished"}
[2021-09-23 23:03:36.117] [exthost] [info] ExtensionService#loadCommonJSModule file:///usr/share/code/resources/app/extensions/emmet/dist/node/emmetNodeMain
[2021-09-23 23:03:36.122] [exthost] [info] ExtensionService#_doActivateExtension vscode.merge-conflict {"startup":false,"extensionId":{"value":"vscode.merge-conflict","_lower":"vscode.merge-conflict"},"activationEvent":"onStartupFinished"}
[2021-09-23 23:03:36.123] [exthost] [info] ExtensionService#loadCommonJSModule file:///usr/share/code/resources/app/extensions/merge-conflict/dist/mergeConflictMain
[2021-09-23 23:03:36.177] [exthost] [info] ExtensionService#_doActivateExtension vscode.github-authentication {"startup":false,"extensionId":{"value":"vscode.github-authentication","_lower":"vscode.github-authentication"},"activationEvent":"onAuthenticationRequest:github"}
[2021-09-23 23:03:36.177] [exthost] [info] ExtensionService#loadCommonJSModule file:///usr/share/code/resources/app/extensions/github-authentication/dist/extension.js
[2021-09-23 23:03:46.077] [exthost] [info] ExtensionService#_doActivateExtension vscode.configuration-editing {"startup":false,"extensionId":{"value":"vscode.configuration-editing","_lower":"vscode.configuration-editing"},"activationEvent":"onLanguage:json"}
[2021-09-23 23:03:46.077] [exthost] [info] ExtensionService#loadCommonJSModule file:///usr/share/code/resources/app/extensions/configuration-editing/dist/configurationEditingMain
[2021-09-23 23:03:46.091] [exthost] [info] ExtensionService#_doActivateExtension vscode.extension-editing {"startup":false,"extensionId":{"value":"vscode.extension-editing","_lower":"vscode.extension-editing"},"activationEvent":"onLanguage:json"}
[2021-09-23 23:03:46.091] [exthost] [info] ExtensionService#loadCommonJSModule file:///usr/share/code/resources/app/extensions/extension-editing/dist/extensionEditingMain
[2021-09-23 23:03:46.122] [exthost] [info] ExtensionService#_doActivateExtension vscode.json-language-features {"startup":false,"extensionId":{"value":"vscode.json-language-features","_lower":"vscode.json-language-features"},"activationEvent":"onLanguage:json"}
[2021-09-23 23:03:46.122] [exthost] [info] ExtensionService#loadCommonJSModule file:///usr/share/code/resources/app/extensions/json-language-features/client/dist/node/jsonClientMain
[2021-09-23 23:03:46.241] [exthost] [info] ExtensionService#_doActivateExtension vscode.npm {"startup":false,"extensionId":{"value":"vscode.npm","_lower":"vscode.npm"},"activationEvent":"onLanguage:json"}
[2021-09-23 23:03:46.242] [exthost] [info] ExtensionService#loadCommonJSModule file:///usr/share/code/resources/app/extensions/npm/dist/npmMain
[2021-09-23 23:03:46.279] [exthost] [info] ExtensionService#_doActivateExtension vscode.typescript-language-features {"startup":false,"extensionId":{"value":"vscode.typescript-language-features","_lower":"vscode.typescript-language-features"},"activationEvent":"onLanguage:javascript"}
[2021-09-23 23:03:46.279] [exthost] [info] ExtensionService#loadCommonJSModule file:///usr/share/code/resources/app/extensions/typescript-language-features/dist/extension
[2021-09-23 23:03:47.432] [exthost] [info] ExtensionService#_doActivateExtension dbaeumer.vscode-eslint {"startup":false,"extensionId":{"value":"dbaeumer.vscode-eslint","_lower":"dbaeumer.vscode-eslint"},"activationEvent":"onStartupFinished"}
[2021-09-23 23:03:47.432] [exthost] [info] ExtensionService#loadCommonJSModule file:///home/op3nk0d3/.vscode/extensions/dbaeumer.vscode-eslint-2.1.25/client/out/extension
[2021-09-23 23:03:57.577] [exthost] [info] ExtensionService#_doActivateExtension esbenp.prettier-vscode {"startup":false,"extensionId":{"value":"esbenp.prettier-vscode","_lower":"esbenp.prettier-vscode"},"activationEvent":"onStartupFinished"}
[2021-09-23 23:03:57.577] [exthost] [info] ExtensionService#loadCommonJSModule file:///home/op3nk0d3/.vscode/extensions/esbenp.prettier-vscode-9.0.0/dist/extension
[2021-09-23 23:04:03.561] [exthost] [info] ExtensionService#_doActivateExtension PKief.material-icon-theme {"startup":false,"extensionId":{"value":"PKief.material-icon-theme","_lower":"pkief.material-icon-theme"},"activationEvent":"*"}
[2021-09-23 23:04:03.561] [exthost] [info] ExtensionService#loadCommonJSModule file:///home/op3nk0d3/.vscode/extensions/pkief.material-icon-theme-4.10.0/dist/extension
[2021-09-23 23:04:11.944] [exthost] [info] ExtensionService#_doActivateExtension golang.go {"startup":false,"extensionId":{"value":"golang.go","_lower":"golang.go"},"activationEvent":"workspaceContains:**/*.go"}
[2021-09-23 23:04:11.944] [exthost] [info] ExtensionService#loadCommonJSModule file:///home/op3nk0d3/.vscode/extensions/golang.go-0.28.0/dist/goMain.js
[2021-09-23 23:04:21.695] [exthost] [info] ExtensionService#_doActivateExtension formulahendry.auto-close-tag {"startup":false,"extensionId":{"value":"formulahendry.auto-close-tag","_lower":"formulahendry.auto-close-tag"},"activationEvent":"*"}
[2021-09-23 23:04:21.695] [exthost] [info] ExtensionService#loadCommonJSModule file:///home/op3nk0d3/.vscode/extensions/formulahendry.auto-close-tag-0.5.12/out/src/extension
[2021-09-23 23:04:23.728] [exthost] [info] ExtensionService#_doActivateExtension christian-kohler.path-intellisense {"startup":false,"extensionId":{"value":"christian-kohler.path-intellisense","_lower":"christian-kohler.path-intellisense"},"activationEvent":"*"}
[2021-09-23 23:04:23.729] [exthost] [info] ExtensionService#loadCommonJSModule file:///home/op3nk0d3/.vscode/extensions/christian-kohler.path-intellisense-2.4.0/out/extension.js
[2021-09-23 23:04:53.200] [exthost] [info] ExtensionService#_doActivateExtension formulahendry.auto-rename-tag {"startup":false,"extensionId":{"value":"formulahendry.auto-rename-tag","_lower":"formulahendry.auto-rename-tag"},"activationEvent":"*"}
[2021-09-23 23:04:53.200] [exthost] [info] ExtensionService#loadCommonJSModule file:///home/op3nk0d3/.vscode/extensions/formulahendry.auto-rename-tag-0.1.8/packages/extension/dist/extensionMain.js
[2021-09-23 23:06:28.820] [exthost] [info] ExtensionService#_doActivateExtension formulahendry.terminal {"startup":false,"extensionId":{"value":"formulahendry.terminal","_lower":"formulahendry.terminal"},"activationEvent":"*"}
[2021-09-23 23:06:28.820] [exthost] [info] ExtensionService#loadCommonJSModule file:///home/op3nk0d3/.vscode/extensions/formulahendry.terminal-0.0.10/out/src/extension
[2021-09-23 23:06:45.915] [exthost] [error] [golang.go] provider FAILED
[2021-09-23 23:06:45.952] [exthost] [error] Error: name must not be falsy
    at Function.validate (/usr/share/code/resources/app/out/vs/workbench/services/extensions/node/extensionHostProcess.js:87:30732)
    at new s (/usr/share/code/resources/app/out/vs/workbench/services/extensions/node/extensionHostProcess.js:87:30681)
    at new s (/usr/share/code/resources/app/out/vs/workbench/services/extensions/node/extensionHostProcess.js:87:17480)
    at /home/op3nk0d3/.vscode/extensions/golang.go-0.28.0/dist/goMain.js:71004:24
    at Array.forEach (<anonymous>)
    at convertToCodeSymbols (/home/op3nk0d3/.vscode/extensions/golang.go-0.28.0/dist/goMain.js:70984:17)
    at /home/op3nk0d3/.vscode/extensions/golang.go-0.28.0/dist/goMain.js:70922:12
    at Generator.next (<anonymous>)
    at fulfilled (/home/op3nk0d3/.vscode/extensions/golang.go-0.28.0/dist/goMain.js:60:24)
[2021-09-23 23:06:45.954] [exthost] [info] ExtensionService#_doActivateExtension windmilleng.vscode-go-autotest {"startup":false,"extensionId":{"value":"windmilleng.vscode-go-autotest","_lower":"windmilleng.vscode-go-autotest"},"activationEvent":"onLanguage:go"}
[2021-09-23 23:06:45.954] [exthost] [info] ExtensionService#loadCommonJSModule file:///home/op3nk0d3/.vscode/extensions/windmilleng.vscode-go-autotest-1.6.0/out/src/goMain
[2021-09-23 23:06:47.263] [exthost] [error] [golang.go] provider FAILED
[2021-09-23 23:06:47.263] [exthost] [error] Error: name must not be falsy
    at Function.validate (/usr/share/code/resources/app/out/vs/workbench/services/extensions/node/extensionHostProcess.js:87:30732)
    at new s (/usr/share/code/resources/app/out/vs/workbench/services/extensions/node/extensionHostProcess.js:87:30681)
    at new s (/usr/share/code/resources/app/out/vs/workbench/services/extensions/node/extensionHostProcess.js:87:17480)
    at /home/op3nk0d3/.vscode/extensions/golang.go-0.28.0/dist/goMain.js:71004:24
    at Array.forEach (<anonymous>)
    at convertToCodeSymbols (/home/op3nk0d3/.vscode/extensions/golang.go-0.28.0/dist/goMain.js:70984:17)
    at /home/op3nk0d3/.vscode/extensions/golang.go-0.28.0/dist/goMain.js:70922:12
    at Generator.next (<anonymous>)
    at fulfilled (/home/op3nk0d3/.vscode/extensions/golang.go-0.28.0/dist/goMain.js:60:24)
[2021-09-23 23:06:48.865] [exthost] [error] [golang.go] provider FAILED
[2021-09-23 23:06:48.866] [exthost] [error] Error: name must not be falsy
    at Function.validate (/usr/share/code/resources/app/out/vs/workbench/services/extensions/node/extensionHostProcess.js:87:30732)
    at new s (/usr/share/code/resources/app/out/vs/workbench/services/extensions/node/extensionHostProcess.js:87:30681)
    at new s (/usr/share/code/resources/app/out/vs/workbench/services/extensions/node/extensionHostProcess.js:87:17480)
    at /home/op3nk0d3/.vscode/extensions/golang.go-0.28.0/dist/goMain.js:71004:24
    at Array.forEach (<anonymous>)
    at convertToCodeSymbols (/home/op3nk0d3/.vscode/extensions/golang.go-0.28.0/dist/goMain.js:70984:17)
    at /home/op3nk0d3/.vscode/extensions/golang.go-0.28.0/dist/goMain.js:70922:12
    at Generator.next (<anonymous>)
    at fulfilled (/home/op3nk0d3/.vscode/extensions/golang.go-0.28.0/dist/goMain.js:60:24)
    at processTicksAndRejections (internal/process/task_queues.js:93:5)
[2021-09-23 23:06:49.927] [exthost] [error] [golang.go] provider FAILED
[2021-09-23 23:06:49.928] [exthost] [error] Error: name must not be falsy
    at Function.validate (/usr/share/code/resources/app/out/vs/workbench/services/extensions/node/extensionHostProcess.js:87:30732)
    at new s (/usr/share/code/resources/app/out/vs/workbench/services/extensions/node/extensionHostProcess.js:87:30681)
    at new s (/usr/share/code/resources/app/out/vs/workbench/services/extensions/node/extensionHostProcess.js:87:17480)
    at /home/op3nk0d3/.vscode/extensions/golang.go-0.28.0/dist/goMain.js:71004:24
    at Array.forEach (<anonymous>)
    at convertToCodeSymbols (/home/op3nk0d3/.vscode/extensions/golang.go-0.28.0/dist/goMain.js:70984:17)
    at /home/op3nk0d3/.vscode/extensions/golang.go-0.28.0/dist/goMain.js:70922:12
    at Generator.next (<anonymous>)
    at fulfilled (/home/op3nk0d3/.vscode/extensions/golang.go-0.28.0/dist/goMain.js:60:24)
    at processTicksAndRejections (internal/process/task_queues.js:93:5)
[2021-09-23 23:07:35.916] [exthost] [error] [golang.go] provider FAILED
[2021-09-23 23:07:35.916] [exthost] [error] Error: name must not be falsy
    at Function.validate (/usr/share/code/resources/app/out/vs/workbench/services/extensions/node/extensionHostProcess.js:87:30732)
    at new s (/usr/share/code/resources/app/out/vs/workbench/services/extensions/node/extensionHostProcess.js:87:30681)
    at new s (/usr/share/code/resources/app/out/vs/workbench/services/extensions/node/extensionHostProcess.js:87:17480)
    at /home/op3nk0d3/.vscode/extensions/golang.go-0.28.0/dist/goMain.js:71004:24
    at Array.forEach (<anonymous>)
    at convertToCodeSymbols (/home/op3nk0d3/.vscode/extensions/golang.go-0.28.0/dist/goMain.js:70984:17)
    at /home/op3nk0d3/.vscode/extensions/golang.go-0.28.0/dist/goMain.js:70922:12
    at Generator.next (<anonymous>)
    at fulfilled (/home/op3nk0d3/.vscode/extensions/golang.go-0.28.0/dist/goMain.js:60:24)
[2021-09-23 23:10:35.002] [exthost] [error] [golang.go] provider FAILED
[2021-09-23 23:10:35.004] [exthost] [error] Error: analysis tests for package _/home/op3nk0d3/development/go_projects/exercises panicked: runtime error: invalid memory address or nil pointer dereference
    at handleResponse (/home/op3nk0d3/.vscode/extensions/golang.go-0.28.0/dist/goMain.js:4386:40)
    at processMessageQueue (/home/op3nk0d3/.vscode/extensions/golang.go-0.28.0/dist/goMain.js:4224:13)
    at Immediate.<anonymous> (/home/op3nk0d3/.vscode/extensions/golang.go-0.28.0/dist/goMain.js:4210:11)
    at processImmediate (internal/timers.js:461:21)
[2021-09-23 23:13:48.963] [exthost] [info] extension host terminating: renderer closed the socket
[2021-09-23 23:13:49.988] [exthost] [info] exiting with code 0
