[Info  - 23:07:37] 2021/09/23 23:07:37 go env for /home/op3nk0d3/development/go_projects/exercises
(root /home/op3nk0d3/development/go_projects/exercises)
(go version go version go1.17.1 linux/amd64)
(valid build configuration = false)
(build flags: [])
GOCACHE=/home/op3nk0d3/.cache/go-build
GOINSECURE=
GOMOD=/dev/null
GONOPROXY=
GONOSUMDB=
GOPROXY=https://proxy.golang.org,direct
GO111MODULE=
GOPATH=/home/op3nk0d3/go_projects
GOROOT=/usr/local/go
GOSUMDB=sum.golang.org
GOFLAGS=
GOMODCACHE=/home/op3nk0d3/go_projects/pkg/mod
GOPRIVATE=


[Info  - 23:07:37] 2021/09/23 23:07:37 go/packages.Load
	snapshot=0
	directory=/home/op3nk0d3/development/go_projects/exercises
	query=[./ builtin]
	packages=2

[Error - 23:10:34] 2021/09/23 23:10:34 no completions found: %!w(getting file for Completion: <nil> (package completions: invalid position for package completion: cursor in non-matching ident))
	position={0 2}

[Error - 23:10:35] 2021/09/23 23:10:35 imports fixes: AllImportsFixes: 1:9: expected 'IDENT', found 'EOF'
	file="/home/op3nk0d3/development/go_projects/exercises/main.go"

[Error - 23:10:35] Request textDocument/codeAction failed.
  Message: analysis tests for package _/home/op3nk0d3/development/go_projects/exercises panicked: runtime error: invalid memory address or nil pointer dereference
  Code: 0 
[Info  - 23:10:35] 2021/09/23 23:10:35 go/packages.Load
	snapshot=4
	package="command-line-arguments"
	files=[/home/op3nk0d3/development/go_projects/exercises/main.go]

[Info  - 23:10:35] 2021/09/23 23:10:35 go/packages.Load
	snapshot=4
	directory=/home/op3nk0d3/development/go_projects/exercises
	query=[file=/home/op3nk0d3/development/go_projects/exercises/main.go]
	packages=1

[Error - 23:10:42] 2021/09/23 23:10:42 no signature help: no signature help within a string literal
	position={3 10}

[Error - 23:10:46] 2021/09/23 23:10:46 no signature help: cannot find an enclosing function
	position={3 23}

[Error - 23:10:46] 2021/09/23 23:10:46 imports fixes: AllImportsFixes: /home/op3nk0d3/development/go_projects/exercises/main.go:4:2: expected 1 expression (and 4 more errors)
	file="/home/op3nk0d3/development/go_projects/exercises/main.go"

[Info  - 23:11:09] 2021/09/23 23:11:09 background imports cache refresh starting

[Info  - 23:11:09] 2021/09/23 23:11:09 background refresh finished after 402.485µs

[Info  - 23:11:47] 2021/09/23 23:11:47 background imports cache refresh starting

[Info  - 23:11:47] 2021/09/23 23:11:47 background refresh finished after 339.254µs

