[2021-09-24 07:00:48.973] [exthost] [info] extension host started
[2021-09-24 07:00:48.973] [exthost] [info] Skipping acquiring lock for /home/op3nk0d3/.config/Code/User/workspaceStorage/96866f087fd36889c889a092e132b5ea.
[2021-09-24 07:00:49.167] [exthost] [info] ExtensionService#_doActivateExtension vscode.microsoft-authentication {"startup":false,"extensionId":{"value":"vscode.microsoft-authentication","_lower":"vscode.microsoft-authentication"},"activationEvent":"onAuthenticationRequest:microsoft"}
[2021-09-24 07:00:49.167] [exthost] [info] ExtensionService#loadCommonJSModule file:///usr/share/code/resources/app/extensions/microsoft-authentication/dist/extension.js
[2021-09-24 07:00:49.187] [exthost] [info] ExtensionService#_doActivateExtension golang.go {"startup":false,"extensionId":{"value":"golang.go","_lower":"golang.go"},"activationEvent":"onLanguage:go"}
[2021-09-24 07:00:49.187] [exthost] [info] ExtensionService#loadCommonJSModule file:///home/op3nk0d3/.vscode/extensions/golang.go-0.28.0/dist/goMain.js
[2021-09-24 07:00:49.284] [exthost] [info] ExtensionService#_doActivateExtension windmilleng.vscode-go-autotest {"startup":false,"extensionId":{"value":"windmilleng.vscode-go-autotest","_lower":"windmilleng.vscode-go-autotest"},"activationEvent":"onLanguage:go"}
[2021-09-24 07:00:49.284] [exthost] [info] ExtensionService#loadCommonJSModule file:///home/op3nk0d3/.vscode/extensions/windmilleng.vscode-go-autotest-1.6.0/out/src/goMain
[2021-09-24 07:00:49.414] [exthost] [info] ExtensionService#_doActivateExtension vscode.debug-auto-launch {"startup":true,"extensionId":{"value":"vscode.debug-auto-launch","_lower":"vscode.debug-auto-launch"},"activationEvent":"*"}
[2021-09-24 07:00:49.414] [exthost] [info] ExtensionService#loadCommonJSModule file:///usr/share/code/resources/app/extensions/debug-auto-launch/dist/extension
[2021-09-24 07:00:49.422] [exthost] [info] ExtensionService#_doActivateExtension vscode.git {"startup":true,"extensionId":{"value":"vscode.github","_lower":"vscode.github"},"activationEvent":"*"}
[2021-09-24 07:00:49.422] [exthost] [info] ExtensionService#loadCommonJSModule file:///usr/share/code/resources/app/extensions/git/dist/main
[2021-09-24 07:00:49.445] [exthost] [info] ExtensionService#_doActivateExtension christian-kohler.path-intellisense {"startup":true,"extensionId":{"value":"christian-kohler.path-intellisense","_lower":"christian-kohler.path-intellisense"},"activationEvent":"*"}
[2021-09-24 07:00:49.445] [exthost] [info] ExtensionService#loadCommonJSModule file:///home/op3nk0d3/.vscode/extensions/christian-kohler.path-intellisense-2.4.0/out/extension.js
[2021-09-24 07:00:49.469] [exthost] [info] ExtensionService#_doActivateExtension formulahendry.auto-close-tag {"startup":true,"extensionId":{"value":"formulahendry.auto-close-tag","_lower":"formulahendry.auto-close-tag"},"activationEvent":"*"}
[2021-09-24 07:00:49.470] [exthost] [info] ExtensionService#loadCommonJSModule file:///home/op3nk0d3/.vscode/extensions/formulahendry.auto-close-tag-0.5.12/out/src/extension
[2021-09-24 07:00:49.473] [exthost] [info] ExtensionService#_doActivateExtension formulahendry.auto-rename-tag {"startup":true,"extensionId":{"value":"formulahendry.auto-rename-tag","_lower":"formulahendry.auto-rename-tag"},"activationEvent":"*"}
[2021-09-24 07:00:49.473] [exthost] [info] ExtensionService#loadCommonJSModule file:///home/op3nk0d3/.vscode/extensions/formulahendry.auto-rename-tag-0.1.8/packages/extension/dist/extensionMain.js
[2021-09-24 07:00:49.483] [exthost] [info] ExtensionService#_doActivateExtension formulahendry.terminal {"startup":true,"extensionId":{"value":"formulahendry.terminal","_lower":"formulahendry.terminal"},"activationEvent":"*"}
[2021-09-24 07:00:49.483] [exthost] [info] ExtensionService#loadCommonJSModule file:///home/op3nk0d3/.vscode/extensions/formulahendry.terminal-0.0.10/out/src/extension
[2021-09-24 07:00:49.506] [exthost] [info] ExtensionService#_doActivateExtension PKief.material-icon-theme {"startup":true,"extensionId":{"value":"PKief.material-icon-theme","_lower":"pkief.material-icon-theme"},"activationEvent":"*"}
[2021-09-24 07:00:49.506] [exthost] [info] ExtensionService#loadCommonJSModule file:///home/op3nk0d3/.vscode/extensions/pkief.material-icon-theme-4.10.0/dist/extension
[2021-09-24 07:00:49.740] [exthost] [info] ExtensionService#_doActivateExtension ms-vscode.js-debug {"startup":false,"extensionId":{"value":"ms-vscode.js-debug","_lower":"ms-vscode.js-debug"},"activationEvent":"onCommand:extension.js-debug.clearAutoAttachVariables"}
[2021-09-24 07:00:49.740] [exthost] [info] ExtensionService#loadCommonJSModule file:///usr/share/code/resources/app/extensions/ms-vscode.js-debug/src/extension.js
[2021-09-24 07:00:49.881] [exthost] [info] ExtensionService#_doActivateExtension vscode.github {"startup":false,"extensionId":{"value":"vscode.github","_lower":"vscode.github"},"activationEvent":"*"}
[2021-09-24 07:00:49.881] [exthost] [info] ExtensionService#loadCommonJSModule file:///usr/share/code/resources/app/extensions/github/dist/extension.js
[2021-09-24 07:00:49.996] [exthost] [info] eager extensions activated
[2021-09-24 07:00:50.229] [exthost] [info] ExtensionService#_doActivateExtension vscode.github-authentication {"startup":false,"extensionId":{"value":"vscode.github-authentication","_lower":"vscode.github-authentication"},"activationEvent":"onAuthenticationRequest:github"}
[2021-09-24 07:00:50.229] [exthost] [info] ExtensionService#loadCommonJSModule file:///usr/share/code/resources/app/extensions/github-authentication/dist/extension.js
[2021-09-24 07:00:50.241] [exthost] [info] ExtensionService#_doActivateExtension vscode.emmet {"startup":false,"extensionId":{"value":"vscode.emmet","_lower":"vscode.emmet"},"activationEvent":"onStartupFinished"}
[2021-09-24 07:00:50.241] [exthost] [info] ExtensionService#loadCommonJSModule file:///usr/share/code/resources/app/extensions/emmet/dist/node/emmetNodeMain
[2021-09-24 07:00:50.250] [exthost] [info] ExtensionService#_doActivateExtension vscode.merge-conflict {"startup":false,"extensionId":{"value":"vscode.merge-conflict","_lower":"vscode.merge-conflict"},"activationEvent":"onStartupFinished"}
[2021-09-24 07:00:50.250] [exthost] [info] ExtensionService#loadCommonJSModule file:///usr/share/code/resources/app/extensions/merge-conflict/dist/mergeConflictMain
[2021-09-24 07:00:50.253] [exthost] [info] ExtensionService#_doActivateExtension dbaeumer.vscode-eslint {"startup":false,"extensionId":{"value":"dbaeumer.vscode-eslint","_lower":"dbaeumer.vscode-eslint"},"activationEvent":"onStartupFinished"}
[2021-09-24 07:00:50.253] [exthost] [info] ExtensionService#loadCommonJSModule file:///home/op3nk0d3/.vscode/extensions/dbaeumer.vscode-eslint-2.1.25/client/out/extension
[2021-09-24 07:00:50.264] [exthost] [info] ExtensionService#_doActivateExtension esbenp.prettier-vscode {"startup":false,"extensionId":{"value":"esbenp.prettier-vscode","_lower":"esbenp.prettier-vscode"},"activationEvent":"onStartupFinished"}
[2021-09-24 07:00:50.264] [exthost] [info] ExtensionService#loadCommonJSModule file:///home/op3nk0d3/.vscode/extensions/esbenp.prettier-vscode-9.0.0/dist/extension
[2021-09-24 07:01:52.570] [exthost] [info] ExtensionService#_doActivateExtension vscode.configuration-editing {"startup":false,"extensionId":{"value":"vscode.configuration-editing","_lower":"vscode.configuration-editing"},"activationEvent":"onLanguage:jsonc"}
[2021-09-24 07:01:52.570] [exthost] [info] ExtensionService#loadCommonJSModule file:///usr/share/code/resources/app/extensions/configuration-editing/dist/configurationEditingMain
[2021-09-24 07:01:52.577] [exthost] [info] ExtensionService#_doActivateExtension vscode.json-language-features {"startup":false,"extensionId":{"value":"vscode.json-language-features","_lower":"vscode.json-language-features"},"activationEvent":"onLanguage:jsonc"}
[2021-09-24 07:01:52.578] [exthost] [info] ExtensionService#loadCommonJSModule file:///usr/share/code/resources/app/extensions/json-language-features/client/dist/node/jsonClientMain
[2021-09-24 07:01:52.603] [exthost] [info] ExtensionService#_doActivateExtension vscode.typescript-language-features {"startup":false,"extensionId":{"value":"vscode.typescript-language-features","_lower":"vscode.typescript-language-features"},"activationEvent":"onLanguage:jsonc"}
[2021-09-24 07:01:52.603] [exthost] [info] ExtensionService#loadCommonJSModule file:///usr/share/code/resources/app/extensions/typescript-language-features/dist/extension
[2021-09-24 07:01:52.993] [exthost] [error] [golang.go] provider FAILED
[2021-09-24 07:01:53.018] [exthost] [error] Canceled: Canceled
    at LanguageClient2.makeCancelError (/home/op3nk0d3/.vscode/extensions/golang.go-0.28.0/dist/goMain.js:12153:24)
    at LanguageClient2.handleFailedRequest (/home/op3nk0d3/.vscode/extensions/golang.go-0.28.0/dist/goMain.js:12144:24)
    at /home/op3nk0d3/.vscode/extensions/golang.go-0.28.0/dist/goMain.js:11076:31
    at Q.provideLinks (/usr/share/code/resources/app/out/vs/workbench/services/extensions/node/extensionHostProcess.js:94:181601)
[2021-09-24 07:01:53.020] [exthost] [error] [golang.go] provider FAILED
[2021-09-24 07:01:53.020] [exthost] [error] Canceled: Canceled
    at LanguageClient2.makeCancelError (/home/op3nk0d3/.vscode/extensions/golang.go-0.28.0/dist/goMain.js:12153:24)
    at LanguageClient2.handleFailedRequest (/home/op3nk0d3/.vscode/extensions/golang.go-0.28.0/dist/goMain.js:12144:24)
    at /home/op3nk0d3/.vscode/extensions/golang.go-0.28.0/dist/goMain.js:10807:31
    at runNextTicks (internal/process/task_queues.js:58:5)
    at processImmediate (internal/timers.js:434:9)
    at S.provideCodeActions (/usr/share/code/resources/app/out/vs/workbench/services/extensions/node/extensionHostProcess.js:94:168622)
[2021-09-24 07:01:53.021] [exthost] [error] [golang.go] provider FAILED
[2021-09-24 07:01:53.021] [exthost] [error] Canceled: Canceled
    at LanguageClient2.makeCancelError (/home/op3nk0d3/.vscode/extensions/golang.go-0.28.0/dist/goMain.js:12153:24)
    at LanguageClient2.handleFailedRequest (/home/op3nk0d3/.vscode/extensions/golang.go-0.28.0/dist/goMain.js:12144:24)
    at /home/op3nk0d3/.vscode/extensions/golang.go-0.28.0/dist/goMain.js:10697:31
    at runNextTicks (internal/process/task_queues.js:58:5)
    at processImmediate (internal/timers.js:434:9)
    at l.provideDocumentSymbols (/usr/share/code/resources/app/out/vs/workbench/services/extensions/node/extensionHostProcess.js:94:163113)
